2024/10/06 14:27:06 [error] 29#29: *33 open() "/var/www/src/public/test" failed (2: No such file or directory), client: 172.20.0.1, server: localhost, request: "GET /test HTTP/1.1", host: "localhost:18090"
2024/10/06 14:28:19 [error] 29#29: *33 open() "/var/www/src/public/test" failed (2: No such file or directory), client: 172.20.0.1, server: localhost, request: "GET /test HTTP/1.1", host: "localhost:18090"
2024/10/06 14:28:57 [notice] 1#1: signal 3 (SIGQUIT) received, shutting down
2024/10/06 14:28:57 [notice] 29#29: gracefully shutting down
2024/10/06 14:28:57 [notice] 31#31: gracefully shutting down
2024/10/06 14:28:57 [notice] 33#33: gracefully shutting down
2024/10/06 14:28:57 [notice] 34#34: gracefully shutting down
2024/10/06 14:28:57 [notice] 36#36: gracefully shutting down
2024/10/06 14:28:57 [notice] 29#29: exiting
2024/10/06 14:28:57 [notice] 30#30: gracefully shutting down
2024/10/06 14:28:57 [notice] 31#31: exiting
2024/10/06 14:28:57 [notice] 34#34: exiting
2024/10/06 14:28:57 [notice] 33#33: exiting
2024/10/06 14:28:57 [notice] 36#36: exiting
2024/10/06 14:28:57 [notice] 29#29: exit
2024/10/06 14:28:57 [notice] 33#33: exit
2024/10/06 14:28:57 [notice] 31#31: exit
2024/10/06 14:28:57 [notice] 34#34: exit
2024/10/06 14:28:57 [notice] 36#36: exit
2024/10/06 14:28:57 [notice] 30#30: exiting
2024/10/06 14:28:57 [notice] 30#30: exit
2024/10/06 14:28:57 [notice] 32#32: gracefully shutting down
2024/10/06 14:28:57 [notice] 32#32: exiting
2024/10/06 14:28:57 [notice] 35#35: gracefully shutting down
2024/10/06 14:28:57 [notice] 32#32: exit
2024/10/06 14:28:57 [notice] 35#35: exiting
2024/10/06 14:28:57 [notice] 35#35: exit
2024/10/06 14:28:57 [notice] 1#1: signal 17 (SIGCHLD) received from 32
2024/10/06 14:28:57 [notice] 1#1: worker process 32 exited with code 0
2024/10/06 14:28:57 [notice] 1#1: worker process 33 exited with code 0
2024/10/06 14:28:57 [notice] 1#1: worker process 34 exited with code 0
2024/10/06 14:28:57 [notice] 1#1: signal 29 (SIGIO) received
2024/10/06 14:28:57 [notice] 1#1: signal 17 (SIGCHLD) received from 33
2024/10/06 14:28:57 [notice] 1#1: signal 17 (SIGCHLD) received from 35
2024/10/06 14:28:57 [notice] 1#1: worker process 31 exited with code 0
2024/10/06 14:28:57 [notice] 1#1: worker process 35 exited with code 0
2024/10/06 14:28:57 [notice] 1#1: worker process 36 exited with code 0
2024/10/06 14:28:57 [notice] 1#1: signal 29 (SIGIO) received
2024/10/06 14:28:57 [notice] 1#1: signal 17 (SIGCHLD) received from 36
2024/10/06 14:28:57 [notice] 1#1: signal 17 (SIGCHLD) received from 30
2024/10/06 14:28:57 [notice] 1#1: worker process 29 exited with code 0
2024/10/06 14:28:57 [notice] 1#1: worker process 30 exited with code 0
2024/10/06 14:28:57 [notice] 1#1: exit
2024/10/06 14:29:25 [notice] 1#1: using the "epoll" event method
2024/10/06 14:29:25 [notice] 1#1: nginx/1.27.1
2024/10/06 14:29:25 [notice] 1#1: built by gcc 13.2.1 20240309 (Alpine 13.2.1_git20240309) 
2024/10/06 14:29:25 [notice] 1#1: OS: Linux 5.15.153.1-microsoft-standard-WSL2
2024/10/06 14:29:25 [notice] 1#1: getrlimit(RLIMIT_NOFILE): 1048576:1048576
2024/10/06 14:29:25 [notice] 1#1: start worker processes
2024/10/06 14:29:25 [notice] 1#1: start worker process 29
2024/10/06 14:29:25 [notice] 1#1: start worker process 30
2024/10/06 14:29:25 [notice] 1#1: start worker process 31
2024/10/06 14:29:25 [notice] 1#1: start worker process 32
2024/10/06 14:29:25 [notice] 1#1: start worker process 33
2024/10/06 14:29:25 [notice] 1#1: start worker process 34
2024/10/06 14:29:25 [notice] 1#1: start worker process 35
2024/10/06 14:29:25 [notice] 1#1: start worker process 36
